Fri Feb  2 15:27:50 MST 2024
tempest-epyc015
<xarray.DataArray 'AET' (time: 365, y: 474, x: 347)>
array([[[0. , 0. , 0. , ..., 0. , 0. , 0. ],
        [0. , 0. , 0. , ..., 0. , 0. , 0. ],
        [0. , 0. , 0. , ..., 0. , 0. , 0. ],
        ...,
        [0. , 0. , 0. , ..., 0. , 0. , 0. ],
        [0. , 0. , 0. , ..., 0. , 0. , 0. ],
        [0. , 0. , 0. , ..., 0. , 0. , 0. ]],

       [[0. , 0. , 0. , ..., 0.3, 0.3, 0.3],
        [0. , 0. , 0. , ..., 0.3, 0.3, 0.3],
        [0. , 0. , 0. , ..., 0.3, 0.3, 0.3],
        ...,
        [0. , 0. , 0. , ..., 0. , 0. , 0. ],
        [0. , 0. , 0. , ..., 0. , 0. , 0. ],
        [0. , 0. , 0. , ..., 0. , 0. , 0. ]],

       [[0. , 0. , 0. , ..., 0.2, 0.2, 0.2],
        [0. , 0. , 0. , ..., 0.2, 0.2, 0.2],
        [0. , 0. , 0. , ..., 0.2, 0.2, 0.2],
        ...,
...
        ...,
        [0. , 0. , 0. , ..., 0. , 0. , 0. ],
        [0. , 0. , 0. , ..., 0. , 0. , 0. ],
        [0. , 0. , 0. , ..., 0. , 0. , 0. ]],

       [[0. , 0. , 0. , ..., 0. , 0. , 0. ],
        [0. , 0. , 0. , ..., 0. , 0. , 0. ],
        [0. , 0. , 0. , ..., 0. , 0. , 0. ],
        ...,
        [0. , 0. , 0. , ..., 0. , 0. , 0. ],
        [0. , 0. , 0. , ..., 0. , 0. , 0. ],
        [0. , 0. , 0. , ..., 0. , 0. , 0. ]],

       [[0. , 0. , 0. , ..., 0. , 0. , 0. ],
        [0. , 0. , 0. , ..., 0. , 0. , 0. ],
        [0. , 0. , 0. , ..., 0. , 0. , 0. ],
        ...,
        [0. , 0. , 0. , ..., 0. , 0. , 0. ],
        [0. , 0. , 0. , ..., 0. , 0. , 0. ],
        [0. , 0. , 0. , ..., 0. , 0. , 0. ]]])
Coordinates:
  * time     (time) datetime64[ns] 2021-01-01T12:00:00 ... 2021-12-31T12:00:00
  * y        (y) float32 468.0 467.0 466.0 465.0 464.0 ... -2.0 -3.0 -4.0 -5.0
  * x        (x) float32 -980.2 -979.2 -978.2 -977.2 ... -636.2 -635.2 -634.2
Attributes:
    units:    AET
Fri Feb  2 15:27:54 MST 2024
