Thu Feb 29 12:12:42 MST 2024
tempest-epyc010
13
[1] "NorESM1-M"
[1] "rcp45"
[1] "2050"
[1] "2059"
memory avail. : 836.09 GB
memory allow. : 501.65 GB
memory needed : 0.147 GB  (12 copies)
in memory     : true
block size    : 474 rows
n blocks      : 1
pb            : 3

memory avail. : 836.03 GB
memory allow. : 501.62 GB
memory needed : 0.049 GB  (4 copies)
in memory     : true
block size    : 474 rows
n blocks      : 1
pb            : 3

memory avail. : 836.01 GB
memory allow. : 501.6 GB
memory needed : 0.025 GB  (20 copies)
in memory     : true
block size    : 474 rows
n blocks      : 1
pb            : 3

Thu Feb 29 12:12:51 MST 2024
