Thu Feb 29 12:12:42 MST 2024
tempest-epyc007
11
[1] "MIROC-ESM-CHEM"
[1] "rcp45"
[1] "2050"
[1] "2059"
memory avail. : 686.03 GB
memory allow. : 411.62 GB
memory needed : 0.147 GB  (12 copies)
in memory     : true
block size    : 474 rows
n blocks      : 1
pb            : 3

memory avail. : 686 GB
memory allow. : 411.6 GB
memory needed : 0.049 GB  (4 copies)
in memory     : true
block size    : 474 rows
n blocks      : 1
pb            : 3

memory avail. : 685.98 GB
memory allow. : 411.59 GB
memory needed : 0.025 GB  (20 copies)
in memory     : true
block size    : 474 rows
n blocks      : 1
pb            : 3

Thu Feb 29 12:12:50 MST 2024
