Thu Feb 29 12:12:42 MST 2024
tempest-epyc018
12
[1] "MRI-CGCM3"
[1] "rcp45"
[1] "2050"
[1] "2059"
memory avail. : 882.86 GB
memory allow. : 529.71 GB
memory needed : 0.147 GB  (12 copies)
in memory     : true
block size    : 474 rows
n blocks      : 1
pb            : 3

memory avail. : 883.22 GB
memory allow. : 529.93 GB
memory needed : 0.049 GB  (4 copies)
in memory     : true
block size    : 474 rows
n blocks      : 1
pb            : 3

memory avail. : 883.35 GB
memory allow. : 530.01 GB
memory needed : 0.025 GB  (20 copies)
in memory     : true
block size    : 474 rows
n blocks      : 1
pb            : 3

Thu Feb 29 12:12:50 MST 2024
