Thu Feb 29 12:12:33 MST 2024
tempest-epyc018
8
[1] "inmcm4"
[1] "rcp45"
[1] "2050"
[1] "2059"
memory avail. : 883.58 GB
memory allow. : 530.15 GB
memory needed : 0.147 GB  (12 copies)
in memory     : true
block size    : 474 rows
n blocks      : 1
pb            : 3

memory avail. : 883.56 GB
memory allow. : 530.13 GB
memory needed : 0.049 GB  (4 copies)
in memory     : true
block size    : 474 rows
n blocks      : 1
pb            : 3

memory avail. : 883.53 GB
memory allow. : 530.12 GB
memory needed : 0.025 GB  (20 copies)
in memory     : true
block size    : 474 rows
n blocks      : 1
pb            : 3

Thu Feb 29 12:12:41 MST 2024
